<?xml version="1.0" encoding="UTF-8"?>
<!-- Generated by org.testng.reporters.JUnitReportReporter -->
<testsuite skipped="0" hostname="DESKTOP-90QM8IP" name="com.OrangeHRM.testcases.LoginPageTest" tests="2" failures="0" timestamp="2020-07-11T21:26:54 EDT" time="13.965" errors="0">
  <testcase name="LogoTest" time="6.070" classname="com.OrangeHRM.testcases.LoginPageTest"/>
  <system-out/>
  <testcase name="loginTest" time="7.895" classname="com.OrangeHRM.testcases.LoginPageTest"/>
  <system-out/>
</testsuite> <!-- com.OrangeHRM.testcases.LoginPageTest -->
