<?xml version="1.0" encoding="UTF-8"?>
<!-- Generated by org.testng.reporters.JUnitReportReporter -->
<testsuite skipped="0" hostname="DESKTOP-90QM8IP" name="com.OrangeHRM.testcases.HomePageTest" tests="1" failures="0" timestamp="2020-07-11T21:26:54 EDT" time="9.630" errors="0">
  <testcase name="clickOnAdminTab" time="9.630" classname="com.OrangeHRM.testcases.HomePageTest"/>
  <system-out/>
</testsuite> <!-- com.OrangeHRM.testcases.HomePageTest -->
